/scratch/ig2283/.local/lib/python3.9/site-packages/hydra/core/utils.py:143: UserWarning: register_resolver() is deprecated.
See https://github.com/omry/omegaconf/issues/426 for migration instructions.

  OmegaConf.register_resolver(name, f)
/scratch/ig2283/.local/lib/python3.9/site-packages/hydra/utils.py:32: UserWarning: `OmegaConf.is_none()` is deprecated, see https://github.com/omry/omegaconf/issues/547
  if OmegaConf.is_none(config):
/scratch/ig2283/.local/lib/python3.9/site-packages/gym/spaces/box.py:73: UserWarning: [33mWARN: Box bound precision lowered by casting to float32[0m
  logger.warn(
/scratch/ig2283/.local/lib/python3.9/site-packages/gym/spaces/box.py:73: UserWarning: [33mWARN: Box bound precision lowered by casting to float32[0m
  logger.warn(
/scratch/ig2283/.local/lib/python3.9/site-packages/gym/spaces/box.py:73: UserWarning: [33mWARN: Box bound precision lowered by casting to float32[0m
  logger.warn(
/scratch/ig2283/.local/lib/python3.9/site-packages/gym/spaces/box.py:73: UserWarning: [33mWARN: Box bound precision lowered by casting to float32[0m
  logger.warn(
/scratch/ig2283/.local/lib/python3.9/site-packages/gym/spaces/box.py:73: UserWarning: [33mWARN: Box bound precision lowered by casting to float32[0m
  logger.warn(
/scratch/ig2283/.local/lib/python3.9/site-packages/gym/spaces/box.py:73: UserWarning: [33mWARN: Box bound precision lowered by casting to float32[0m
  logger.warn(
/scratch/ig2283/.local/lib/python3.9/site-packages/gym/spaces/box.py:73: UserWarning: [33mWARN: Box bound precision lowered by casting to float32[0m
  logger.warn(
/scratch/ig2283/.local/lib/python3.9/site-packages/gym/spaces/box.py:73: UserWarning: [33mWARN: Box bound precision lowered by casting to float32[0m
  logger.warn(
/scratch/ig2283/.local/lib/python3.9/site-packages/gym/spaces/box.py:73: UserWarning: [33mWARN: Box bound precision lowered by casting to float32[0m
  logger.warn(
/scratch/ig2283/.local/lib/python3.9/site-packages/gym/spaces/box.py:73: UserWarning: [33mWARN: Box bound precision lowered by casting to float32[0m
  logger.warn(
/scratch/ig2283/.local/lib/python3.9/site-packages/gym/spaces/box.py:73: UserWarning: [33mWARN: Box bound precision lowered by casting to float32[0m
  logger.warn(
/scratch/ig2283/.local/lib/python3.9/site-packages/gym/spaces/box.py:73: UserWarning: [33mWARN: Box bound precision lowered by casting to float32[0m
  logger.warn(
/scratch/ig2283/.local/lib/python3.9/site-packages/gym/spaces/box.py:73: UserWarning: [33mWARN: Box bound precision lowered by casting to float32[0m
  logger.warn(
/scratch/ig2283/.local/lib/python3.9/site-packages/gym/spaces/box.py:73: UserWarning: [33mWARN: Box bound precision lowered by casting to float32[0m
  logger.warn(
